TN:
SF:src/config/config.js
FNF:0
FNH:0
DA:1,2
DA:3,2
LF:2
LH:2
BRDA:15,0,0,2
BRDA:15,0,1,0
BRF:2
BRH:1
end_of_record
TN:
SF:src/services/spotifyService.js
FN:12,(anonymous_0)
FN:39,(anonymous_1)
FN:42,(anonymous_2)
FNF:3
FNH:1
FNDA:3,(anonymous_0)
FNDA:0,(anonymous_1)
FNDA:0,(anonymous_2)
DA:1,1
DA:2,1
DA:13,3
DA:15,3
DA:18,3
DA:19,1
DA:20,2
DA:21,1
DA:22,1
DA:23,0
DA:25,1
DA:29,3
DA:39,2
DA:42,0
DA:45,0
DA:47,3
DA:48,3
DA:53,1
LF:18
LH:15
BRDA:18,0,0,1
BRDA:18,0,1,2
BRDA:20,1,0,1
BRDA:20,1,1,1
BRDA:20,2,0,2
BRDA:20,2,1,1
BRDA:22,3,0,0
BRDA:22,3,1,1
BRDA:22,4,0,1
BRDA:22,4,1,0
BRF:10
BRH:8
end_of_record
TN:
SF:src/services/weatherService.js
FN:11,(anonymous_0)
FN:42,(anonymous_1)
FN:65,(anonymous_2)
FNF:3
FNH:3
FNDA:2,(anonymous_0)
FNDA:2,(anonymous_1)
FNDA:2,(anonymous_2)
DA:1,1
DA:2,1
DA:12,2
DA:13,2
DA:25,1
DA:26,0
DA:28,0
DA:31,2
DA:32,2
DA:43,2
DA:45,2
DA:48,0
DA:58,0
DA:60,2
DA:61,2
DA:66,2
DA:67,2
DA:78,1
DA:80,2
DA:81,2
DA:86,1
LF:21
LH:17
BRDA:25,0,0,0
BRDA:25,0,1,0
BRF:2
BRH:0
end_of_record
